{"/app/ai/openai/promptsUtils.js": {"path":"/app/ai/openai/promptsUtils.js","statementMap":{"0":{"start":{"line":7,"column":18},"end":{"line":10,"column":1}},"1":{"start":{"line":13,"column":21},"end":{"line":16,"column":1}},"2":{"start":{"line":19,"column":21},"end":{"line":19,"column":53}},"3":{"start":{"line":20,"column":4},"end":{"line":22,"column":5}},"4":{"start":{"line":21,"column":8},"end":{"line":21,"column":81}},"5":{"start":{"line":23,"column":24},"end":{"line":23,"column":85}},"6":{"start":{"line":23,"column":55},"end":{"line":23,"column":65}},"7":{"start":{"line":23,"column":81},"end":{"line":23,"column":84}},"8":{"start":{"line":24,"column":4},"end":{"line":26,"column":5}},"9":{"start":{"line":25,"column":8},"end":{"line":25,"column":84}},"10":{"start":{"line":27,"column":16},"end":{"line":27,"column":62}},"11":{"start":{"line":28,"column":4},"end":{"line":28,"column":52}},"12":{"start":{"line":29,"column":4},"end":{"line":29,"column":28}},"13":{"start":{"line":33,"column":4},"end":{"line":33,"column":48}},"14":{"start":{"line":38,"column":4},"end":{"line":58,"column":2}},"15":{"start":{"line":64,"column":18},"end":{"line":122,"column":5}},"16":{"start":{"line":123,"column":4},"end":{"line":123,"column":18}},"17":{"start":{"line":175,"column":19},"end":{"line":209,"column":7}},"18":{"start":{"line":210,"column":0},"end":{"line":210,"column":14}},"19":{"start":{"line":216,"column":19},"end":{"line":222,"column":101}},"20":{"start":{"line":223,"column":4},"end":{"line":223,"column":49}},"21":{"start":{"line":227,"column":19},"end":{"line":234,"column":539}},"22":{"start":{"line":235,"column":4},"end":{"line":235,"column":49}},"23":{"start":{"line":239,"column":19},"end":{"line":246,"column":40}},"24":{"start":{"line":247,"column":4},"end":{"line":247,"column":17}},"25":{"start":{"line":252,"column":21},"end":{"line":274,"column":6}},"26":{"start":{"line":276,"column":4},"end":{"line":276,"column":20}},"27":{"start":{"line":281,"column":19},"end":{"line":295,"column":778}},"28":{"start":{"line":297,"column":4},"end":{"line":297,"column":23}},"29":{"start":{"line":298,"column":4},"end":{"line":298,"column":49}},"30":{"start":{"line":302,"column":18},"end":{"line":334,"column":5}},"31":{"start":{"line":335,"column":4},"end":{"line":335,"column":49}},"32":{"start":{"line":339,"column":19},"end":{"line":355,"column":290}},"33":{"start":{"line":357,"column":4},"end":{"line":357,"column":49}},"34":{"start":{"line":361,"column":19},"end":{"line":376,"column":448}},"35":{"start":{"line":378,"column":4},"end":{"line":378,"column":49}},"36":{"start":{"line":384,"column":19},"end":{"line":395,"column":273}},"37":{"start":{"line":396,"column":4},"end":{"line":396,"column":49}},"38":{"start":{"line":401,"column":19},"end":{"line":428,"column":5}},"39":{"start":{"line":429,"column":4},"end":{"line":429,"column":49}},"40":{"start":{"line":433,"column":17},"end":{"line":472,"column":212}},"41":{"start":{"line":473,"column":4},"end":{"line":473,"column":49}},"42":{"start":{"line":477,"column":16},"end":{"line":481,"column":44}},"43":{"start":{"line":482,"column":0},"end":{"line":486,"column":5}},"44":{"start":{"line":484,"column":4},"end":{"line":485,"column":26}},"45":{"start":{"line":487,"column":4},"end":{"line":515,"column":256}},"46":{"start":{"line":516,"column":4},"end":{"line":516,"column":49}},"47":{"start":{"line":520,"column":17},"end":{"line":582,"column":23}},"48":{"start":{"line":583,"column":4},"end":{"line":583,"column":49}},"49":{"start":{"line":588,"column":17},"end":{"line":695,"column":57}},"50":{"start":{"line":696,"column":4},"end":{"line":696,"column":49}},"51":{"start":{"line":701,"column":17},"end":{"line":866,"column":174}},"52":{"start":{"line":868,"column":4},"end":{"line":868,"column":49}},"53":{"start":{"line":872,"column":20},"end":{"line":903,"column":5}},"54":{"start":{"line":904,"column":4},"end":{"line":904,"column":19}},"55":{"start":{"line":908,"column":20},"end":{"line":1560,"column":3}},"56":{"start":{"line":1562,"column":2},"end":{"line":1564,"column":3}},"57":{"start":{"line":1563,"column":6},"end":{"line":1563,"column":72}},"58":{"start":{"line":1567,"column":2},"end":{"line":1567,"column":64}},"59":{"start":{"line":1567,"column":31},"end":{"line":1567,"column":50}},"60":{"start":{"line":1575,"column":4},"end":{"line":1576,"column":21}},"61":{"start":{"line":1576,"column":8},"end":{"line":1576,"column":21}},"62":{"start":{"line":1577,"column":4},"end":{"line":1578,"column":28}},"63":{"start":{"line":1578,"column":8},"end":{"line":1578,"column":28}},"64":{"start":{"line":1579,"column":23},"end":{"line":1579,"column":55}},"65":{"start":{"line":1580,"column":17},"end":{"line":1685,"column":118}},"66":{"start":{"line":1686,"column":0},"end":{"line":1686,"column":45}},"67":{"start":{"line":1739,"column":16},"end":{"line":1743,"column":44}},"68":{"start":{"line":1744,"column":4},"end":{"line":1748,"column":5}},"69":{"start":{"line":1746,"column":8},"end":{"line":1747,"column":30}},"70":{"start":{"line":1749,"column":4},"end":{"line":1794,"column":127}},"71":{"start":{"line":1795,"column":4},"end":{"line":1795,"column":49}},"72":{"start":{"line":1799,"column":18},"end":{"line":1821,"column":5}},"73":{"start":{"line":1822,"column":4},"end":{"line":1822,"column":49}},"74":{"start":{"line":1826,"column":19},"end":{"line":1830,"column":102}},"75":{"start":{"line":1831,"column":4},"end":{"line":1831,"column":49}},"76":{"start":{"line":1836,"column":19},"end":{"line":1854,"column":5}},"77":{"start":{"line":1855,"column":4},"end":{"line":1855,"column":49}},"78":{"start":{"line":1861,"column":30},"end":{"line":1873,"column":5}},"79":{"start":{"line":1874,"column":40},"end":{"line":1889,"column":6}},"80":{"start":{"line":1895,"column":19},"end":{"line":1953,"column":373}},"81":{"start":{"line":1954,"column":4},"end":{"line":1954,"column":49}},"82":{"start":{"line":1959,"column":4},"end":{"line":1959,"column":49}},"83":{"start":{"line":1960,"column":26},"end":{"line":1960,"column":65}},"84":{"start":{"line":1961,"column":22},"end":{"line":1984,"column":96}},"85":{"start":{"line":1986,"column":4},"end":{"line":1986,"column":49}},"86":{"start":{"line":1991,"column":18},"end":{"line":1991,"column":37}},"87":{"start":{"line":1992,"column":27},"end":{"line":1992,"column":54}},"88":{"start":{"line":1993,"column":28},"end":{"line":1993,"column":55}},"89":{"start":{"line":1994,"column":30},"end":{"line":1994,"column":57}},"90":{"start":{"line":1995,"column":33},"end":{"line":1995,"column":61}},"91":{"start":{"line":1996,"column":19},"end":{"line":2053,"column":85}},"92":{"start":{"line":2054,"column":4},"end":{"line":2054,"column":49}},"93":{"start":{"line":2059,"column":18},"end":{"line":2059,"column":37}},"94":{"start":{"line":2060,"column":27},"end":{"line":2060,"column":54}},"95":{"start":{"line":2061,"column":28},"end":{"line":2061,"column":55}},"96":{"start":{"line":2062,"column":30},"end":{"line":2062,"column":57}},"97":{"start":{"line":2063,"column":33},"end":{"line":2063,"column":61}},"98":{"start":{"line":2064,"column":19},"end":{"line":2162,"column":1}},"99":{"start":{"line":2163,"column":4},"end":{"line":2163,"column":49}},"100":{"start":{"line":2167,"column":18},"end":{"line":2167,"column":37}},"101":{"start":{"line":2168,"column":27},"end":{"line":2168,"column":54}},"102":{"start":{"line":2169,"column":34},"end":{"line":2169,"column":61}},"103":{"start":{"line":2170,"column":32},"end":{"line":2170,"column":77}},"104":{"start":{"line":2171,"column":18},"end":{"line":2251,"column":84}},"105":{"start":{"line":2253,"column":4},"end":{"line":2253,"column":49}},"106":{"start":{"line":2259,"column":27},"end":{"line":2259,"column":66}},"107":{"start":{"line":2261,"column":19},"end":{"line":2292,"column":1097}},"108":{"start":{"line":2293,"column":0},"end":{"line":2293,"column":45}},"109":{"start":{"line":2297,"column":4},"end":{"line":2297,"column":49}},"110":{"start":{"line":2298,"column":19},"end":{"line":2321,"column":1093}},"111":{"start":{"line":2322,"column":4},"end":{"line":2322,"column":49}},"112":{"start":{"line":2326,"column":4},"end":{"line":2326,"column":49}},"113":{"start":{"line":2327,"column":19},"end":{"line":2353,"column":76}},"114":{"start":{"line":2354,"column":4},"end":{"line":2354,"column":49}},"115":{"start":{"line":2359,"column":4},"end":{"line":2359,"column":49}},"116":{"start":{"line":2360,"column":19},"end":{"line":2387,"column":60}},"117":{"start":{"line":2388,"column":4},"end":{"line":2388,"column":49}},"118":{"start":{"line":2392,"column":4},"end":{"line":2392,"column":49}},"119":{"start":{"line":2393,"column":18},"end":{"line":2404,"column":13}},"120":{"start":{"line":2406,"column":29},"end":{"line":2406,"column":34}},"121":{"start":{"line":2407,"column":4},"end":{"line":2407,"column":163}},"122":{"start":{"line":2410,"column":4},"end":{"line":2412,"column":5}},"123":{"start":{"line":2411,"column":8},"end":{"line":2411,"column":194}},"124":{"start":{"line":2415,"column":4},"end":{"line":2415,"column":131}},"125":{"start":{"line":2416,"column":4},"end":{"line":2418,"column":5}},"126":{"start":{"line":2417,"column":8},"end":{"line":2417,"column":45}},"127":{"start":{"line":2421,"column":4},"end":{"line":2423,"column":5}},"128":{"start":{"line":2422,"column":8},"end":{"line":2422,"column":264}},"129":{"start":{"line":2425,"column":4},"end":{"line":2426,"column":316}},"130":{"start":{"line":2427,"column":4},"end":{"line":2438,"column":5}},"131":{"start":{"line":2428,"column":8},"end":{"line":2437,"column":236}},"132":{"start":{"line":2439,"column":4},"end":{"line":2439,"column":90}},"133":{"start":{"line":2440,"column":4},"end":{"line":2441,"column":44}},"134":{"start":{"line":2441,"column":8},"end":{"line":2441,"column":44}},"135":{"start":{"line":2442,"column":4},"end":{"line":2458,"column":259}},"136":{"start":{"line":2461,"column":4},"end":{"line":2461,"column":61}},"137":{"start":{"line":2468,"column":20},"end":{"line":2505,"column":959}},"138":{"start":{"line":2513,"column":4},"end":{"line":2513,"column":49}},"139":{"start":{"line":2548,"column":18},"end":{"line":2633,"column":5}},"140":{"start":{"line":2634,"column":4},"end":{"line":2634,"column":48}},"141":{"start":{"line":2639,"column":19},"end":{"line":2654,"column":175}},"142":{"start":{"line":2656,"column":4},"end":{"line":2656,"column":48}},"143":{"start":{"line":2666,"column":4},"end":{"line":2736,"column":5}},"144":{"start":{"line":2668,"column":27},"end":{"line":2668,"column":28}},"145":{"start":{"line":2669,"column":23},"end":{"line":2669,"column":24}},"146":{"start":{"line":2672,"column":12},"end":{"line":2710,"column":13}},"147":{"start":{"line":2673,"column":30},"end":{"line":2679,"column":17}},"148":{"start":{"line":2681,"column":16},"end":{"line":2682,"column":75}},"149":{"start":{"line":2682,"column":20},"end":{"line":2682,"column":75}},"150":{"start":{"line":2684,"column":35},"end":{"line":2684,"column":91}},"151":{"start":{"line":2685,"column":16},"end":{"line":2685,"column":61}},"152":{"start":{"line":2687,"column":40},"end":{"line":2687,"column":69}},"153":{"start":{"line":2688,"column":16},"end":{"line":2690,"column":17}},"154":{"start":{"line":2689,"column":20},"end":{"line":2689,"column":90}},"155":{"start":{"line":2691,"column":31},"end":{"line":2693,"column":18}},"156":{"start":{"line":2695,"column":16},"end":{"line":2700,"column":19}},"157":{"start":{"line":2696,"column":20},"end":{"line":2698,"column":21}},"158":{"start":{"line":2697,"column":24},"end":{"line":2697,"column":40}},"159":{"start":{"line":2699,"column":20},"end":{"line":2699,"column":29}},"160":{"start":{"line":2702,"column":29},"end":{"line":2707,"column":18}},"161":{"start":{"line":2709,"column":16},"end":{"line":2709,"column":44}},"162":{"start":{"line":2713,"column":8},"end":{"line":2732,"column":9}},"163":{"start":{"line":2714,"column":12},"end":{"line":2731,"column":13}},"164":{"start":{"line":2715,"column":30},"end":{"line":2715,"column":49}},"165":{"start":{"line":2716,"column":16},"end":{"line":2718,"column":44}},"166":{"start":{"line":2719,"column":16},"end":{"line":2722,"column":30}},"167":{"start":{"line":2720,"column":16},"end":{"line":2720,"column":43}},"168":{"start":{"line":2722,"column":16},"end":{"line":2722,"column":30}},"169":{"start":{"line":2724,"column":16},"end":{"line":2724,"column":27}},"170":{"start":{"line":2725,"column":16},"end":{"line":2725,"column":67}},"171":{"start":{"line":2727,"column":16},"end":{"line":2730,"column":17}},"172":{"start":{"line":2728,"column":20},"end":{"line":2728,"column":107}},"173":{"start":{"line":2729,"column":20},"end":{"line":2729,"column":43}},"174":{"start":{"line":2735,"column":8},"end":{"line":2735,"column":39}},"175":{"start":{"line":2743,"column":26},"end":{"line":2877,"column":72}},"176":{"start":{"line":2879,"column":22},"end":{"line":2879,"column":82}},"177":{"start":{"line":2880,"column":25},"end":{"line":2880,"column":64}},"178":{"start":{"line":2881,"column":4},"end":{"line":2881,"column":50}},"179":{"start":{"line":2882,"column":28},"end":{"line":2882,"column":29}},"180":{"start":{"line":2884,"column":24},"end":{"line":2888,"column":6}},"181":{"start":{"line":2890,"column":4},"end":{"line":2893,"column":6}}},"fnMap":{"0":{"name":"chooseApiKey","decl":{"start":{"line":18,"column":16},"end":{"line":18,"column":28}},"loc":{"start":{"line":18,"column":31},"end":{"line":30,"column":1}},"line":18},"1":{"name":"(anonymous_1)","decl":{"start":{"line":23,"column":48},"end":{"line":23,"column":49}},"loc":{"start":{"line":23,"column":55},"end":{"line":23,"column":65}},"line":23},"2":{"name":"(anonymous_2)","decl":{"start":{"line":23,"column":74},"end":{"line":23,"column":75}},"loc":{"start":{"line":23,"column":81},"end":{"line":23,"column":84}},"line":23},"3":{"name":"getOpenaiClient","decl":{"start":{"line":32,"column":16},"end":{"line":32,"column":31}},"loc":{"start":{"line":32,"column":34},"end":{"line":34,"column":1}},"line":32},"4":{"name":"generateProctorOfProficiencyChat","decl":{"start":{"line":37,"column":16},"end":{"line":37,"column":48}},"loc":{"start":{"line":37,"column":59},"end":{"line":61,"column":1}},"line":37},"5":{"name":"characterCreationInitialOptionsPrompt2","decl":{"start":{"line":63,"column":16},"end":{"line":63,"column":54}},"loc":{"start":{"line":63,"column":111},"end":{"line":124,"column":1}},"line":63},"6":{"name":"characterCreationInitialOptionsPrompt","decl":{"start":{"line":126,"column":16},"end":{"line":126,"column":53}},"loc":{"start":{"line":126,"column":110},"end":{"line":211,"column":1}},"line":126},"7":{"name":"askForBooksGeneration","decl":{"start":{"line":215,"column":16},"end":{"line":215,"column":37}},"loc":{"start":{"line":215,"column":39},"end":{"line":224,"column":1}},"line":215},"8":{"name":"generateMasterStorytellerConclusionChat","decl":{"start":{"line":226,"column":16},"end":{"line":226,"column":55}},"loc":{"start":{"line":226,"column":57},"end":{"line":236,"column":1}},"line":226},"9":{"name":"generateStorytellerSummaryPropt","decl":{"start":{"line":238,"column":16},"end":{"line":238,"column":47}},"loc":{"start":{"line":238,"column":90},"end":{"line":249,"column":1}},"line":238},"10":{"name":"generate_cards","decl":{"start":{"line":251,"column":22},"end":{"line":251,"column":36}},"loc":{"start":{"line":251,"column":64},"end":{"line":277,"column":1}},"line":251},"11":{"name":"generateMasterStorytellerChat","decl":{"start":{"line":280,"column":16},"end":{"line":280,"column":45}},"loc":{"start":{"line":280,"column":56},"end":{"line":299,"column":1}},"line":280},"12":{"name":"generateMasterCartographerChat","decl":{"start":{"line":301,"column":16},"end":{"line":301,"column":46}},"loc":{"start":{"line":301,"column":57},"end":{"line":336,"column":1}},"line":301},"13":{"name":"generateSageLoreChat","decl":{"start":{"line":338,"column":16},"end":{"line":338,"column":36}},"loc":{"start":{"line":338,"column":47},"end":{"line":358,"column":1}},"line":338},"14":{"name":"generateMasterCartographerChatOlder","decl":{"start":{"line":360,"column":16},"end":{"line":360,"column":51}},"loc":{"start":{"line":360,"column":63},"end":{"line":379,"column":1}},"line":360},"15":{"name":"generateMasterCartographerChatOld","decl":{"start":{"line":383,"column":16},"end":{"line":383,"column":49}},"loc":{"start":{"line":383,"column":61},"end":{"line":397,"column":1}},"line":383},"16":{"name":"generate_texture_by_fragment_and_conversation1223","decl":{"start":{"line":400,"column":16},"end":{"line":400,"column":65}},"loc":{"start":{"line":400,"column":98},"end":{"line":430,"column":1}},"line":400},"17":{"name":"generate_texture_by_fragment_and_conversation0408","decl":{"start":{"line":432,"column":16},"end":{"line":432,"column":65}},"loc":{"start":{"line":432,"column":98},"end":{"line":474,"column":1}},"line":432},"18":{"name":"generate_texture_by_fragment_and_conversation0124","decl":{"start":{"line":476,"column":16},"end":{"line":476,"column":65}},"loc":{"start":{"line":476,"column":98},"end":{"line":517,"column":1}},"line":476},"19":{"name":"generate_entities_by_fragment","decl":{"start":{"line":519,"column":16},"end":{"line":519,"column":45}},"loc":{"start":{"line":519,"column":100},"end":{"line":584,"column":1}},"line":519},"20":{"name":"generate_entities_by_fragmentWorking","decl":{"start":{"line":587,"column":16},"end":{"line":587,"column":52}},"loc":{"start":{"line":587,"column":86},"end":{"line":697,"column":1}},"line":587},"21":{"name":"generate_entities_by_fragment1","decl":{"start":{"line":700,"column":16},"end":{"line":700,"column":46}},"loc":{"start":{"line":700,"column":80},"end":{"line":869,"column":1}},"line":700},"22":{"name":"getNerTypes","decl":{"start":{"line":871,"column":16},"end":{"line":871,"column":27}},"loc":{"start":{"line":871,"column":29},"end":{"line":905,"column":1}},"line":871},"23":{"name":"getNArchetypes","decl":{"start":{"line":907,"column":16},"end":{"line":907,"column":30}},"loc":{"start":{"line":907,"column":34},"end":{"line":1568,"column":1}},"line":907},"24":{"name":"(anonymous_24)","decl":{"start":{"line":1567,"column":25},"end":{"line":1567,"column":26}},"loc":{"start":{"line":1567,"column":31},"end":{"line":1567,"column":50}},"line":1567},"25":{"name":"generate_texture_by_fragment_and_conversation","decl":{"start":{"line":1572,"column":16},"end":{"line":1572,"column":61}},"loc":{"start":{"line":1572,"column":119},"end":{"line":1687,"column":1}},"line":1572},"26":{"name":"generate_texture_by_fragment_and_conversation_old","decl":{"start":{"line":1738,"column":16},"end":{"line":1738,"column":65}},"loc":{"start":{"line":1738,"column":98},"end":{"line":1796,"column":1}},"line":1738},"27":{"name":"generate_texture_by_fragment_and_conversationGood","decl":{"start":{"line":1798,"column":16},"end":{"line":1798,"column":65}},"loc":{"start":{"line":1798,"column":75},"end":{"line":1823,"column":1}},"line":1798},"28":{"name":"generate_texture_by_fragment_and_conversationOlder","decl":{"start":{"line":1825,"column":16},"end":{"line":1825,"column":66}},"loc":{"start":{"line":1825,"column":76},"end":{"line":1832,"column":1}},"line":1825},"29":{"name":"generate_texture_by_fragment_and_conversationOld","decl":{"start":{"line":1835,"column":16},"end":{"line":1835,"column":64}},"loc":{"start":{"line":1835,"column":74},"end":{"line":1856,"column":1}},"line":1835},"30":{"name":"generateExpertList","decl":{"start":{"line":1859,"column":16},"end":{"line":1859,"column":34}},"loc":{"start":{"line":1859,"column":46},"end":{"line":1891,"column":1}},"line":1859},"31":{"name":"generateFragmentsBeginnings","decl":{"start":{"line":1894,"column":16},"end":{"line":1894,"column":43}},"loc":{"start":{"line":1894,"column":68},"end":{"line":1956,"column":1}},"line":1894},"32":{"name":"generateContinuationPromptConcise","decl":{"start":{"line":1958,"column":16},"end":{"line":1958,"column":49}},"loc":{"start":{"line":1958,"column":66},"end":{"line":1987,"column":1}},"line":1958},"33":{"name":"generateContinuationPrompt1","decl":{"start":{"line":1990,"column":16},"end":{"line":1990,"column":43}},"loc":{"start":{"line":1990,"column":85},"end":{"line":2055,"column":1}},"line":1990},"34":{"name":"generateContinuationPrompt","decl":{"start":{"line":2058,"column":16},"end":{"line":2058,"column":42}},"loc":{"start":{"line":2058,"column":84},"end":{"line":2164,"column":1}},"line":2058},"35":{"name":"generateContinuationPromptWorking","decl":{"start":{"line":2166,"column":16},"end":{"line":2166,"column":49}},"loc":{"start":{"line":2166,"column":91},"end":{"line":2254,"column":1}},"line":2166},"36":{"name":"generateContinuationPromptOld","decl":{"start":{"line":2258,"column":16},"end":{"line":2258,"column":45}},"loc":{"start":{"line":2258,"column":61},"end":{"line":2294,"column":1}},"line":2258},"37":{"name":"generateContinuationPromptOldies","decl":{"start":{"line":2296,"column":16},"end":{"line":2296,"column":48}},"loc":{"start":{"line":2296,"column":64},"end":{"line":2323,"column":1}},"line":2296},"38":{"name":"generateContinuationPromptOld33","decl":{"start":{"line":2325,"column":16},"end":{"line":2325,"column":47}},"loc":{"start":{"line":2325,"column":63},"end":{"line":2356,"column":1}},"line":2325},"39":{"name":"generateContinuationPromptOlder","decl":{"start":{"line":2358,"column":16},"end":{"line":2358,"column":47}},"loc":{"start":{"line":2358,"column":65},"end":{"line":2389,"column":1}},"line":2358},"40":{"name":"generatePrefixesPrompt2","decl":{"start":{"line":2391,"column":16},"end":{"line":2391,"column":39}},"loc":{"start":{"line":2391,"column":109},"end":{"line":2462,"column":1}},"line":2391},"41":{"name":"generateBookDeteriorationProcessJsonPrompt","decl":{"start":{"line":2467,"column":16},"end":{"line":2467,"column":58}},"loc":{"start":{"line":2467,"column":67},"end":{"line":2514,"column":1}},"line":2467},"42":{"name":"generateStorytellerDetectiveFirstParagraphSession","decl":{"start":{"line":2516,"column":16},"end":{"line":2516,"column":65}},"loc":{"start":{"line":2516,"column":72},"end":{"line":2635,"column":1}},"line":2516},"43":{"name":"generateStorytellerDetectiveFirstParagraphLetter","decl":{"start":{"line":2638,"column":16},"end":{"line":2638,"column":64}},"loc":{"start":{"line":2638,"column":90},"end":{"line":2658,"column":1}},"line":2638},"44":{"name":"directExternalApiCall","decl":{"start":{"line":2665,"column":22},"end":{"line":2665,"column":43}},"loc":{"start":{"line":2665,"column":137},"end":{"line":2738,"column":1}},"line":2665},"45":{"name":"makeApiCall","decl":{"start":{"line":2671,"column":23},"end":{"line":2671,"column":34}},"loc":{"start":{"line":2671,"column":37},"end":{"line":2711,"column":9}},"line":2671},"46":{"name":"(anonymous_46)","decl":{"start":{"line":2695,"column":38},"end":{"line":2695,"column":39}},"loc":{"start":{"line":2695,"column":45},"end":{"line":2700,"column":17}},"line":2695},"47":{"name":"generateTypewriterPrompt","decl":{"start":{"line":2742,"column":16},"end":{"line":2742,"column":40}},"loc":{"start":{"line":2742,"column":56},"end":{"line":2894,"column":1}},"line":2742}},"branchMap":{"0":{"loc":{"start":{"line":20,"column":4},"end":{"line":22,"column":5}},"type":"if","locations":[{"start":{"line":20,"column":4},"end":{"line":22,"column":5}},{"start":{},"end":{}}],"line":20},"1":{"loc":{"start":{"line":24,"column":4},"end":{"line":26,"column":5}},"type":"if","locations":[{"start":{"line":24,"column":4},"end":{"line":26,"column":5}},{"start":{},"end":{}}],"line":24},"2":{"loc":{"start":{"line":63,"column":55},"end":{"line":63,"column":74}},"type":"default-arg","locations":[{"start":{"line":63,"column":72},"end":{"line":63,"column":74}}],"line":63},"3":{"loc":{"start":{"line":63,"column":76},"end":{"line":63,"column":98}},"type":"default-arg","locations":[{"start":{"line":63,"column":96},"end":{"line":63,"column":98}}],"line":63},"4":{"loc":{"start":{"line":63,"column":100},"end":{"line":63,"column":110}},"type":"default-arg","locations":[{"start":{"line":63,"column":108},"end":{"line":63,"column":110}}],"line":63},"5":{"loc":{"start":{"line":126,"column":54},"end":{"line":126,"column":73}},"type":"default-arg","locations":[{"start":{"line":126,"column":71},"end":{"line":126,"column":73}}],"line":126},"6":{"loc":{"start":{"line":126,"column":75},"end":{"line":126,"column":97}},"type":"default-arg","locations":[{"start":{"line":126,"column":95},"end":{"line":126,"column":97}}],"line":126},"7":{"loc":{"start":{"line":126,"column":99},"end":{"line":126,"column":109}},"type":"default-arg","locations":[{"start":{"line":126,"column":107},"end":{"line":126,"column":109}}],"line":126},"8":{"loc":{"start":{"line":400,"column":76},"end":{"line":400,"column":97}},"type":"default-arg","locations":[{"start":{"line":400,"column":95},"end":{"line":400,"column":97}}],"line":400},"9":{"loc":{"start":{"line":432,"column":76},"end":{"line":432,"column":97}},"type":"default-arg","locations":[{"start":{"line":432,"column":95},"end":{"line":432,"column":97}}],"line":432},"10":{"loc":{"start":{"line":476,"column":76},"end":{"line":476,"column":97}},"type":"default-arg","locations":[{"start":{"line":476,"column":95},"end":{"line":476,"column":97}}],"line":476},"11":{"loc":{"start":{"line":482,"column":0},"end":{"line":486,"column":5}},"type":"if","locations":[{"start":{"line":482,"column":0},"end":{"line":486,"column":5}},{"start":{},"end":{}}],"line":482},"12":{"loc":{"start":{"line":519,"column":56},"end":{"line":519,"column":78}},"type":"default-arg","locations":[{"start":{"line":519,"column":76},"end":{"line":519,"column":78}}],"line":519},"13":{"loc":{"start":{"line":519,"column":80},"end":{"line":519,"column":99}},"type":"default-arg","locations":[{"start":{"line":519,"column":97},"end":{"line":519,"column":99}}],"line":519},"14":{"loc":{"start":{"line":587,"column":63},"end":{"line":587,"column":85}},"type":"default-arg","locations":[{"start":{"line":587,"column":83},"end":{"line":587,"column":85}}],"line":587},"15":{"loc":{"start":{"line":700,"column":57},"end":{"line":700,"column":79}},"type":"default-arg","locations":[{"start":{"line":700,"column":77},"end":{"line":700,"column":79}}],"line":700},"16":{"loc":{"start":{"line":1562,"column":2},"end":{"line":1564,"column":3}},"type":"if","locations":[{"start":{"line":1562,"column":2},"end":{"line":1564,"column":3}},{"start":{},"end":{}}],"line":1562},"17":{"loc":{"start":{"line":1575,"column":4},"end":{"line":1576,"column":21}},"type":"if","locations":[{"start":{"line":1575,"column":4},"end":{"line":1576,"column":21}},{"start":{},"end":{}}],"line":1575},"18":{"loc":{"start":{"line":1577,"column":4},"end":{"line":1578,"column":28}},"type":"if","locations":[{"start":{"line":1577,"column":4},"end":{"line":1578,"column":28}},{"start":{},"end":{}}],"line":1577},"19":{"loc":{"start":{"line":1738,"column":76},"end":{"line":1738,"column":97}},"type":"default-arg","locations":[{"start":{"line":1738,"column":95},"end":{"line":1738,"column":97}}],"line":1738},"20":{"loc":{"start":{"line":1744,"column":4},"end":{"line":1748,"column":5}},"type":"if","locations":[{"start":{"line":1744,"column":4},"end":{"line":1748,"column":5}},{"start":{},"end":{}}],"line":1744},"21":{"loc":{"start":{"line":1894,"column":44},"end":{"line":1894,"column":66}},"type":"default-arg","locations":[{"start":{"line":1894,"column":64},"end":{"line":1894,"column":66}}],"line":1894},"22":{"loc":{"start":{"line":1958,"column":50},"end":{"line":1958,"column":65}},"type":"default-arg","locations":[{"start":{"line":1958,"column":61},"end":{"line":1958,"column":65}}],"line":1958},"23":{"loc":{"start":{"line":1990,"column":44},"end":{"line":1990,"column":59}},"type":"default-arg","locations":[{"start":{"line":1990,"column":55},"end":{"line":1990,"column":59}}],"line":1990},"24":{"loc":{"start":{"line":1990,"column":61},"end":{"line":1990,"column":84}},"type":"default-arg","locations":[{"start":{"line":1990,"column":83},"end":{"line":1990,"column":84}}],"line":1990},"25":{"loc":{"start":{"line":2058,"column":43},"end":{"line":2058,"column":58}},"type":"default-arg","locations":[{"start":{"line":2058,"column":54},"end":{"line":2058,"column":58}}],"line":2058},"26":{"loc":{"start":{"line":2058,"column":60},"end":{"line":2058,"column":83}},"type":"default-arg","locations":[{"start":{"line":2058,"column":82},"end":{"line":2058,"column":83}}],"line":2058},"27":{"loc":{"start":{"line":2166,"column":50},"end":{"line":2166,"column":65}},"type":"default-arg","locations":[{"start":{"line":2166,"column":61},"end":{"line":2166,"column":65}}],"line":2166},"28":{"loc":{"start":{"line":2166,"column":67},"end":{"line":2166,"column":90}},"type":"default-arg","locations":[{"start":{"line":2166,"column":89},"end":{"line":2166,"column":90}}],"line":2166},"29":{"loc":{"start":{"line":2258,"column":46},"end":{"line":2258,"column":60}},"type":"default-arg","locations":[{"start":{"line":2258,"column":56},"end":{"line":2258,"column":60}}],"line":2258},"30":{"loc":{"start":{"line":2296,"column":49},"end":{"line":2296,"column":63}},"type":"default-arg","locations":[{"start":{"line":2296,"column":59},"end":{"line":2296,"column":63}}],"line":2296},"31":{"loc":{"start":{"line":2325,"column":48},"end":{"line":2325,"column":62}},"type":"default-arg","locations":[{"start":{"line":2325,"column":58},"end":{"line":2325,"column":62}}],"line":2325},"32":{"loc":{"start":{"line":2358,"column":48},"end":{"line":2358,"column":63}},"type":"default-arg","locations":[{"start":{"line":2358,"column":59},"end":{"line":2358,"column":63}}],"line":2358},"33":{"loc":{"start":{"line":2391,"column":40},"end":{"line":2391,"column":55}},"type":"default-arg","locations":[{"start":{"line":2391,"column":51},"end":{"line":2391,"column":55}}],"line":2391},"34":{"loc":{"start":{"line":2391,"column":57},"end":{"line":2391,"column":71}},"type":"default-arg","locations":[{"start":{"line":2391,"column":67},"end":{"line":2391,"column":71}}],"line":2391},"35":{"loc":{"start":{"line":2391,"column":73},"end":{"line":2391,"column":87}},"type":"default-arg","locations":[{"start":{"line":2391,"column":86},"end":{"line":2391,"column":87}}],"line":2391},"36":{"loc":{"start":{"line":2391,"column":89},"end":{"line":2391,"column":107}},"type":"default-arg","locations":[{"start":{"line":2391,"column":103},"end":{"line":2391,"column":107}}],"line":2391},"37":{"loc":{"start":{"line":2407,"column":26},"end":{"line":2407,"column":162}},"type":"cond-expr","locations":[{"start":{"line":2407,"column":37},"end":{"line":2407,"column":157}},{"start":{"line":2407,"column":160},"end":{"line":2407,"column":162}}],"line":2407},"38":{"loc":{"start":{"line":2410,"column":4},"end":{"line":2412,"column":5}},"type":"if","locations":[{"start":{"line":2410,"column":4},"end":{"line":2412,"column":5}},{"start":{},"end":{}}],"line":2410},"39":{"loc":{"start":{"line":2416,"column":4},"end":{"line":2418,"column":5}},"type":"if","locations":[{"start":{"line":2416,"column":4},"end":{"line":2418,"column":5}},{"start":{},"end":{}}],"line":2416},"40":{"loc":{"start":{"line":2421,"column":4},"end":{"line":2423,"column":5}},"type":"if","locations":[{"start":{"line":2421,"column":4},"end":{"line":2423,"column":5}},{"start":{},"end":{}}],"line":2421},"41":{"loc":{"start":{"line":2421,"column":8},"end":{"line":2421,"column":30}},"type":"binary-expr","locations":[{"start":{"line":2421,"column":8},"end":{"line":2421,"column":19}},{"start":{"line":2421,"column":23},"end":{"line":2421,"column":30}}],"line":2421},"42":{"loc":{"start":{"line":2427,"column":4},"end":{"line":2438,"column":5}},"type":"if","locations":[{"start":{"line":2427,"column":4},"end":{"line":2438,"column":5}},{"start":{},"end":{}}],"line":2427},"43":{"loc":{"start":{"line":2440,"column":4},"end":{"line":2441,"column":44}},"type":"if","locations":[{"start":{"line":2440,"column":4},"end":{"line":2441,"column":44}},{"start":{},"end":{}}],"line":2440},"44":{"loc":{"start":{"line":2451,"column":14},"end":{"line":2451,"column":66}},"type":"cond-expr","locations":[{"start":{"line":2451,"column":24},"end":{"line":2451,"column":61}},{"start":{"line":2451,"column":64},"end":{"line":2451,"column":66}}],"line":2451},"45":{"loc":{"start":{"line":2665,"column":53},"end":{"line":2665,"column":70}},"type":"default-arg","locations":[{"start":{"line":2665,"column":66},"end":{"line":2665,"column":70}}],"line":2665},"46":{"loc":{"start":{"line":2672,"column":12},"end":{"line":2710,"column":13}},"type":"if","locations":[{"start":{"line":2672,"column":12},"end":{"line":2710,"column":13}},{"start":{"line":2686,"column":19},"end":{"line":2710,"column":13}}],"line":2672},"47":{"loc":{"start":{"line":2681,"column":16},"end":{"line":2682,"column":75}},"type":"if","locations":[{"start":{"line":2681,"column":16},"end":{"line":2682,"column":75}},{"start":{},"end":{}}],"line":2681},"48":{"loc":{"start":{"line":2688,"column":16},"end":{"line":2690,"column":17}},"type":"if","locations":[{"start":{"line":2688,"column":16},"end":{"line":2690,"column":17}},{"start":{},"end":{}}],"line":2688},"49":{"loc":{"start":{"line":2696,"column":20},"end":{"line":2698,"column":21}},"type":"if","locations":[{"start":{"line":2696,"column":20},"end":{"line":2698,"column":21}},{"start":{},"end":{}}],"line":2696},"50":{"loc":{"start":{"line":2719,"column":16},"end":{"line":2722,"column":30}},"type":"if","locations":[{"start":{"line":2719,"column":16},"end":{"line":2722,"column":30}},{"start":{"line":2722,"column":16},"end":{"line":2722,"column":30}}],"line":2719},"51":{"loc":{"start":{"line":2727,"column":16},"end":{"line":2730,"column":17}},"type":"if","locations":[{"start":{"line":2727,"column":16},"end":{"line":2730,"column":17}},{"start":{},"end":{}}],"line":2727},"52":{"loc":{"start":{"line":2729,"column":27},"end":{"line":2729,"column":42}},"type":"binary-expr","locations":[{"start":{"line":2729,"column":27},"end":{"line":2729,"column":34}},{"start":{"line":2729,"column":38},"end":{"line":2729,"column":42}}],"line":2729},"53":{"loc":{"start":{"line":2879,"column":22},"end":{"line":2879,"column":82}},"type":"cond-expr","locations":[{"start":{"line":2879,"column":38},"end":{"line":2879,"column":78}},{"start":{"line":2879,"column":81},"end":{"line":2879,"column":82}}],"line":2879}},"s":{"0":1,"1":1,"2":0,"3":0,"4":0,"5":0,"6":0,"7":0,"8":0,"9":0,"10":0,"11":0,"12":0,"13":0,"14":0,"15":0,"16":0,"17":0,"18":0,"19":0,"20":0,"21":0,"22":0,"23":0,"24":0,"25":0,"26":0,"27":3,"28":3,"29":3,"30":0,"31":0,"32":0,"33":0,"34":0,"35":0,"36":0,"37":0,"38":0,"39":0,"40":0,"41":0,"42":0,"43":0,"44":0,"45":0,"46":0,"47":0,"48":0,"49":0,"50":0,"51":0,"52":0,"53":0,"54":0,"55":0,"56":0,"57":0,"58":0,"59":0,"60":0,"61":0,"62":0,"63":0,"64":0,"65":0,"66":0,"67":0,"68":0,"69":0,"70":0,"71":0,"72":0,"73":0,"74":0,"75":0,"76":0,"77":0,"78":0,"79":0,"80":0,"81":0,"82":0,"83":0,"84":0,"85":0,"86":0,"87":0,"88":0,"89":0,"90":0,"91":0,"92":0,"93":0,"94":0,"95":0,"96":0,"97":0,"98":0,"99":0,"100":0,"101":0,"102":0,"103":0,"104":0,"105":0,"106":0,"107":0,"108":0,"109":0,"110":0,"111":0,"112":0,"113":0,"114":0,"115":0,"116":0,"117":0,"118":0,"119":0,"120":0,"121":0,"122":0,"123":0,"124":0,"125":0,"126":0,"127":0,"128":0,"129":0,"130":0,"131":0,"132":0,"133":0,"134":0,"135":0,"136":0,"137":0,"138":0,"139":0,"140":0,"141":0,"142":0,"143":0,"144":0,"145":0,"146":0,"147":0,"148":0,"149":0,"150":0,"151":0,"152":0,"153":0,"154":0,"155":0,"156":0,"157":0,"158":0,"159":0,"160":0,"161":0,"162":0,"163":0,"164":0,"165":0,"166":0,"167":0,"168":0,"169":0,"170":0,"171":0,"172":0,"173":0,"174":0,"175":0,"176":0,"177":0,"178":0,"179":0,"180":0,"181":0},"f":{"0":0,"1":0,"2":0,"3":0,"4":0,"5":0,"6":0,"7":0,"8":0,"9":0,"10":0,"11":3,"12":0,"13":0,"14":0,"15":0,"16":0,"17":0,"18":0,"19":0,"20":0,"21":0,"22":0,"23":0,"24":0,"25":0,"26":0,"27":0,"28":0,"29":0,"30":0,"31":0,"32":0,"33":0,"34":0,"35":0,"36":0,"37":0,"38":0,"39":0,"40":0,"41":0,"42":0,"43":0,"44":0,"45":0,"46":0,"47":0},"b":{"0":[0,0],"1":[0,0],"2":[0],"3":[0],"4":[0],"5":[0],"6":[0],"7":[0],"8":[0],"9":[0],"10":[0],"11":[0,0],"12":[0],"13":[0],"14":[0],"15":[0],"16":[0,0],"17":[0,0],"18":[0,0],"19":[0],"20":[0,0],"21":[0],"22":[0],"23":[0],"24":[0],"25":[0],"26":[0],"27":[0],"28":[0],"29":[0],"30":[0],"31":[0],"32":[0],"33":[0],"34":[0],"35":[0],"36":[0],"37":[0,0],"38":[0,0],"39":[0,0],"40":[0,0],"41":[0,0],"42":[0,0],"43":[0,0],"44":[0,0],"45":[0],"46":[0,0],"47":[0,0],"48":[0,0],"49":[0,0],"50":[0,0],"51":[0,0],"52":[0,0],"53":[0,0]},"_coverageSchema":"1a1c01bbd47fc00a2c39e90264f33305004495a9","hash":"65e7635ab32934185d9a848d52910e35646bf065"}
,"/app/models/models.js": {"path":"/app/models/models.js","statementMap":{"0":{"start":{"line":6,"column":26},"end":{"line":16,"column":2}},"1":{"start":{"line":18,"column":32},"end":{"line":22,"column":2}},"2":{"start":{"line":24,"column":26},"end":{"line":33,"column":24}},"3":{"start":{"line":35,"column":24},"end":{"line":35,"column":64}},"4":{"start":{"line":37,"column":25},"end":{"line":50,"column":1}},"5":{"start":{"line":38,"column":19},"end":{"line":38,"column":41}},"6":{"start":{"line":39,"column":2},"end":{"line":49,"column":3}},"7":{"start":{"line":40,"column":4},"end":{"line":43,"column":7}},"8":{"start":{"line":44,"column":4},"end":{"line":44,"column":55}},"9":{"start":{"line":46,"column":4},"end":{"line":46,"column":52}},"10":{"start":{"line":48,"column":4},"end":{"line":48,"column":14}},"11":{"start":{"line":52,"column":27},"end":{"line":52,"column":75}},"12":{"start":{"line":53,"column":33},"end":{"line":53,"column":93}},"13":{"start":{"line":54,"column":27},"end":{"line":54,"column":75}}},"fnMap":{"0":{"name":"(anonymous_0)","decl":{"start":{"line":37,"column":25},"end":{"line":37,"column":26}},"loc":{"start":{"line":37,"column":40},"end":{"line":50,"column":1}},"line":37}},"branchMap":{"0":{"loc":{"start":{"line":38,"column":19},"end":{"line":38,"column":41}},"type":"binary-expr","locations":[{"start":{"line":38,"column":19},"end":{"line":38,"column":22}},{"start":{"line":38,"column":26},"end":{"line":38,"column":41}}],"line":38}},"s":{"0":1,"1":1,"2":1,"3":1,"4":1,"5":1,"6":1,"7":1,"8":1,"9":0,"10":0,"11":1,"12":1,"13":1},"f":{"0":1},"b":{"0":[1,0]},"_coverageSchema":"1a1c01bbd47fc00a2c39e90264f33305004495a9","hash":"8d998ead99cd5fba360935f77d3ccf60c972b887"}
,"/app/storyteller/storyteller_controller.js": {"path":"/app/storyteller/storyteller_controller.js","statementMap":{"0":{"start":{"line":3,"column":33},"end":{"line":12,"column":1}},"1":{"start":{"line":4,"column":2},"end":{"line":11,"column":3}},"2":{"start":{"line":5,"column":24},"end":{"line":5,"column":56}},"3":{"start":{"line":6,"column":4},"end":{"line":6,"column":29}},"4":{"start":{"line":7,"column":4},"end":{"line":7,"column":23}},"5":{"start":{"line":9,"column":4},"end":{"line":9,"column":56}},"6":{"start":{"line":10,"column":4},"end":{"line":10,"column":16}},"7":{"start":{"line":14,"column":34},"end":{"line":22,"column":1}},"8":{"start":{"line":15,"column":2},"end":{"line":21,"column":3}},"9":{"start":{"line":16,"column":25},"end":{"line":16,"column":49}},"10":{"start":{"line":17,"column":4},"end":{"line":17,"column":24}},"11":{"start":{"line":19,"column":4},"end":{"line":19,"column":60}},"12":{"start":{"line":20,"column":4},"end":{"line":20,"column":16}},"13":{"start":{"line":24,"column":36},"end":{"line":32,"column":1}},"14":{"start":{"line":25,"column":2},"end":{"line":31,"column":3}},"15":{"start":{"line":26,"column":24},"end":{"line":26,"column":59}},"16":{"start":{"line":27,"column":4},"end":{"line":27,"column":23}},"17":{"start":{"line":29,"column":4},"end":{"line":29,"column":63}},"18":{"start":{"line":30,"column":4},"end":{"line":30,"column":16}},"19":{"start":{"line":34,"column":33},"end":{"line":42,"column":1}},"20":{"start":{"line":35,"column":2},"end":{"line":41,"column":3}},"21":{"start":{"line":36,"column":24},"end":{"line":36,"column":92}},"22":{"start":{"line":37,"column":4},"end":{"line":37,"column":23}},"23":{"start":{"line":39,"column":4},"end":{"line":39,"column":56}},"24":{"start":{"line":40,"column":4},"end":{"line":40,"column":16}},"25":{"start":{"line":44,"column":33},"end":{"line":52,"column":1}},"26":{"start":{"line":45,"column":2},"end":{"line":51,"column":3}},"27":{"start":{"line":46,"column":19},"end":{"line":46,"column":56}},"28":{"start":{"line":47,"column":4},"end":{"line":47,"column":18}},"29":{"start":{"line":49,"column":4},"end":{"line":49,"column":56}},"30":{"start":{"line":50,"column":4},"end":{"line":50,"column":16}},"31":{"start":{"line":54,"column":33},"end":{"line":66,"column":1}},"32":{"start":{"line":55,"column":2},"end":{"line":65,"column":3}},"33":{"start":{"line":56,"column":24},"end":{"line":60,"column":5}},"34":{"start":{"line":61,"column":4},"end":{"line":61,"column":23}},"35":{"start":{"line":63,"column":4},"end":{"line":63,"column":57}},"36":{"start":{"line":64,"column":4},"end":{"line":64,"column":16}}},"fnMap":{"0":{"name":"(anonymous_0)","decl":{"start":{"line":3,"column":33},"end":{"line":3,"column":34}},"loc":{"start":{"line":3,"column":60},"end":{"line":12,"column":1}},"line":3},"1":{"name":"(anonymous_1)","decl":{"start":{"line":14,"column":34},"end":{"line":14,"column":35}},"loc":{"start":{"line":14,"column":46},"end":{"line":22,"column":1}},"line":14},"2":{"name":"(anonymous_2)","decl":{"start":{"line":24,"column":36},"end":{"line":24,"column":37}},"loc":{"start":{"line":24,"column":52},"end":{"line":32,"column":1}},"line":24},"3":{"name":"(anonymous_3)","decl":{"start":{"line":34,"column":33},"end":{"line":34,"column":34}},"loc":{"start":{"line":34,"column":58},"end":{"line":42,"column":1}},"line":34},"4":{"name":"(anonymous_4)","decl":{"start":{"line":44,"column":33},"end":{"line":44,"column":34}},"loc":{"start":{"line":44,"column":49},"end":{"line":52,"column":1}},"line":44},"5":{"name":"(anonymous_5)","decl":{"start":{"line":54,"column":33},"end":{"line":54,"column":34}},"loc":{"start":{"line":54,"column":60},"end":{"line":66,"column":1}},"line":54}},"branchMap":{},"s":{"0":1,"1":1,"2":1,"3":1,"4":1,"5":0,"6":0,"7":1,"8":2,"9":2,"10":2,"11":0,"12":0,"13":1,"14":2,"15":2,"16":2,"17":0,"18":0,"19":1,"20":2,"21":2,"22":2,"23":0,"24":0,"25":1,"26":2,"27":2,"28":2,"29":0,"30":0,"31":1,"32":3,"33":3,"34":3,"35":0,"36":0},"f":{"0":1,"1":2,"2":2,"3":2,"4":2,"5":3},"b":{},"_coverageSchema":"1a1c01bbd47fc00a2c39e90264f33305004495a9","hash":"8089ab9ba50ae3d4a8bea94fdcab1e7855edbf84"}
}
