TN:
SF:ai/openai/promptsUtils.js
FN:18,chooseApiKey
FN:23,(anonymous_1)
FN:23,(anonymous_2)
FN:32,getOpenaiClient
FN:37,generateProctorOfProficiencyChat
FN:63,characterCreationInitialOptionsPrompt2
FN:126,characterCreationInitialOptionsPrompt
FN:215,askForBooksGeneration
FN:226,generateMasterStorytellerConclusionChat
FN:238,generateStorytellerSummaryPropt
FN:251,generate_cards
FN:280,generateMasterStorytellerChat
FN:301,generateMasterCartographerChat
FN:338,generateSageLoreChat
FN:360,generateMasterCartographerChatOlder
FN:383,generateMasterCartographerChatOld
FN:400,generate_texture_by_fragment_and_conversation1223
FN:432,generate_texture_by_fragment_and_conversation0408
FN:476,generate_texture_by_fragment_and_conversation0124
FN:519,generate_entities_by_fragment
FN:587,generate_entities_by_fragmentWorking
FN:700,generate_entities_by_fragment1
FN:871,getNerTypes
FN:907,getNArchetypes
FN:1567,(anonymous_24)
FN:1572,generate_texture_by_fragment_and_conversation
FN:1738,generate_texture_by_fragment_and_conversation_old
FN:1798,generate_texture_by_fragment_and_conversationGood
FN:1825,generate_texture_by_fragment_and_conversationOlder
FN:1835,generate_texture_by_fragment_and_conversationOld
FN:1859,generateExpertList
FN:1894,generateFragmentsBeginnings
FN:1958,generateContinuationPromptConcise
FN:1990,generateContinuationPrompt1
FN:2058,generateContinuationPrompt
FN:2166,generateContinuationPromptWorking
FN:2258,generateContinuationPromptOld
FN:2296,generateContinuationPromptOldies
FN:2325,generateContinuationPromptOld33
FN:2358,generateContinuationPromptOlder
FN:2391,generatePrefixesPrompt2
FN:2467,generateBookDeteriorationProcessJsonPrompt
FN:2516,generateStorytellerDetectiveFirstParagraphSession
FN:2638,generateStorytellerDetectiveFirstParagraphLetter
FN:2665,directExternalApiCall
FN:2671,makeApiCall
FN:2695,(anonymous_46)
FN:2742,generateTypewriterPrompt
FNF:48
FNH:1
FNDA:0,chooseApiKey
FNDA:0,(anonymous_1)
FNDA:0,(anonymous_2)
FNDA:0,getOpenaiClient
FNDA:0,generateProctorOfProficiencyChat
FNDA:0,characterCreationInitialOptionsPrompt2
FNDA:0,characterCreationInitialOptionsPrompt
FNDA:0,askForBooksGeneration
FNDA:0,generateMasterStorytellerConclusionChat
FNDA:0,generateStorytellerSummaryPropt
FNDA:0,generate_cards
FNDA:3,generateMasterStorytellerChat
FNDA:0,generateMasterCartographerChat
FNDA:0,generateSageLoreChat
FNDA:0,generateMasterCartographerChatOlder
FNDA:0,generateMasterCartographerChatOld
FNDA:0,generate_texture_by_fragment_and_conversation1223
FNDA:0,generate_texture_by_fragment_and_conversation0408
FNDA:0,generate_texture_by_fragment_and_conversation0124
FNDA:0,generate_entities_by_fragment
FNDA:0,generate_entities_by_fragmentWorking
FNDA:0,generate_entities_by_fragment1
FNDA:0,getNerTypes
FNDA:0,getNArchetypes
FNDA:0,(anonymous_24)
FNDA:0,generate_texture_by_fragment_and_conversation
FNDA:0,generate_texture_by_fragment_and_conversation_old
FNDA:0,generate_texture_by_fragment_and_conversationGood
FNDA:0,generate_texture_by_fragment_and_conversationOlder
FNDA:0,generate_texture_by_fragment_and_conversationOld
FNDA:0,generateExpertList
FNDA:0,generateFragmentsBeginnings
FNDA:0,generateContinuationPromptConcise
FNDA:0,generateContinuationPrompt1
FNDA:0,generateContinuationPrompt
FNDA:0,generateContinuationPromptWorking
FNDA:0,generateContinuationPromptOld
FNDA:0,generateContinuationPromptOldies
FNDA:0,generateContinuationPromptOld33
FNDA:0,generateContinuationPromptOlder
FNDA:0,generatePrefixesPrompt2
FNDA:0,generateBookDeteriorationProcessJsonPrompt
FNDA:0,generateStorytellerDetectiveFirstParagraphSession
FNDA:0,generateStorytellerDetectiveFirstParagraphLetter
FNDA:0,directExternalApiCall
FNDA:0,makeApiCall
FNDA:0,(anonymous_46)
FNDA:0,generateTypewriterPrompt
DA:7,1
DA:13,1
DA:19,0
DA:20,0
DA:21,0
DA:23,0
DA:24,0
DA:25,0
DA:27,0
DA:28,0
DA:29,0
DA:33,0
DA:38,0
DA:64,0
DA:123,0
DA:175,0
DA:210,0
DA:216,0
DA:223,0
DA:227,0
DA:235,0
DA:239,0
DA:247,0
DA:252,0
DA:276,0
DA:281,3
DA:297,3
DA:298,3
DA:302,0
DA:335,0
DA:339,0
DA:357,0
DA:361,0
DA:378,0
DA:384,0
DA:396,0
DA:401,0
DA:429,0
DA:433,0
DA:473,0
DA:477,0
DA:482,0
DA:484,0
DA:487,0
DA:516,0
DA:520,0
DA:583,0
DA:588,0
DA:696,0
DA:701,0
DA:868,0
DA:872,0
DA:904,0
DA:908,0
DA:1562,0
DA:1563,0
DA:1567,0
DA:1575,0
DA:1576,0
DA:1577,0
DA:1578,0
DA:1579,0
DA:1580,0
DA:1686,0
DA:1739,0
DA:1744,0
DA:1746,0
DA:1749,0
DA:1795,0
DA:1799,0
DA:1822,0
DA:1826,0
DA:1831,0
DA:1836,0
DA:1855,0
DA:1861,0
DA:1874,0
DA:1895,0
DA:1954,0
DA:1959,0
DA:1960,0
DA:1961,0
DA:1986,0
DA:1991,0
DA:1992,0
DA:1993,0
DA:1994,0
DA:1995,0
DA:1996,0
DA:2054,0
DA:2059,0
DA:2060,0
DA:2061,0
DA:2062,0
DA:2063,0
DA:2064,0
DA:2163,0
DA:2167,0
DA:2168,0
DA:2169,0
DA:2170,0
DA:2171,0
DA:2253,0
DA:2259,0
DA:2261,0
DA:2293,0
DA:2297,0
DA:2298,0
DA:2322,0
DA:2326,0
DA:2327,0
DA:2354,0
DA:2359,0
DA:2360,0
DA:2388,0
DA:2392,0
DA:2393,0
DA:2406,0
DA:2407,0
DA:2410,0
DA:2411,0
DA:2415,0
DA:2416,0
DA:2417,0
DA:2421,0
DA:2422,0
DA:2425,0
DA:2427,0
DA:2428,0
DA:2439,0
DA:2440,0
DA:2441,0
DA:2442,0
DA:2461,0
DA:2468,0
DA:2513,0
DA:2548,0
DA:2634,0
DA:2639,0
DA:2656,0
DA:2666,0
DA:2668,0
DA:2669,0
DA:2672,0
DA:2673,0
DA:2681,0
DA:2682,0
DA:2684,0
DA:2685,0
DA:2687,0
DA:2688,0
DA:2689,0
DA:2691,0
DA:2695,0
DA:2696,0
DA:2697,0
DA:2699,0
DA:2702,0
DA:2709,0
DA:2713,0
DA:2714,0
DA:2715,0
DA:2716,0
DA:2719,0
DA:2720,0
DA:2722,0
DA:2724,0
DA:2725,0
DA:2727,0
DA:2728,0
DA:2729,0
DA:2735,0
DA:2743,0
DA:2879,0
DA:2880,0
DA:2881,0
DA:2882,0
DA:2884,0
DA:2890,0
LF:179
LH:5
BRDA:20,0,0,0
BRDA:20,0,1,0
BRDA:24,1,0,0
BRDA:24,1,1,0
BRDA:63,2,0,0
BRDA:63,3,0,0
BRDA:63,4,0,0
BRDA:126,5,0,0
BRDA:126,6,0,0
BRDA:126,7,0,0
BRDA:400,8,0,0
BRDA:432,9,0,0
BRDA:476,10,0,0
BRDA:482,11,0,0
BRDA:482,11,1,0
BRDA:519,12,0,0
BRDA:519,13,0,0
BRDA:587,14,0,0
BRDA:700,15,0,0
BRDA:1562,16,0,0
BRDA:1562,16,1,0
BRDA:1575,17,0,0
BRDA:1575,17,1,0
BRDA:1577,18,0,0
BRDA:1577,18,1,0
BRDA:1738,19,0,0
BRDA:1744,20,0,0
BRDA:1744,20,1,0
BRDA:1894,21,0,0
BRDA:1958,22,0,0
BRDA:1990,23,0,0
BRDA:1990,24,0,0
BRDA:2058,25,0,0
BRDA:2058,26,0,0
BRDA:2166,27,0,0
BRDA:2166,28,0,0
BRDA:2258,29,0,0
BRDA:2296,30,0,0
BRDA:2325,31,0,0
BRDA:2358,32,0,0
BRDA:2391,33,0,0
BRDA:2391,34,0,0
BRDA:2391,35,0,0
BRDA:2391,36,0,0
BRDA:2407,37,0,0
BRDA:2407,37,1,0
BRDA:2410,38,0,0
BRDA:2410,38,1,0
BRDA:2416,39,0,0
BRDA:2416,39,1,0
BRDA:2421,40,0,0
BRDA:2421,40,1,0
BRDA:2421,41,0,0
BRDA:2421,41,1,0
BRDA:2427,42,0,0
BRDA:2427,42,1,0
BRDA:2440,43,0,0
BRDA:2440,43,1,0
BRDA:2451,44,0,0
BRDA:2451,44,1,0
BRDA:2665,45,0,0
BRDA:2672,46,0,0
BRDA:2672,46,1,0
BRDA:2681,47,0,0
BRDA:2681,47,1,0
BRDA:2688,48,0,0
BRDA:2688,48,1,0
BRDA:2696,49,0,0
BRDA:2696,49,1,0
BRDA:2719,50,0,0
BRDA:2719,50,1,0
BRDA:2727,51,0,0
BRDA:2727,51,1,0
BRDA:2729,52,0,0
BRDA:2729,52,1,0
BRDA:2879,53,0,0
BRDA:2879,53,1,0
BRF:77
BRH:0
end_of_record
TN:
SF:models/models.js
FN:37,(anonymous_0)
FNF:1
FNH:1
FNDA:1,(anonymous_0)
DA:6,1
DA:18,1
DA:24,1
DA:35,1
DA:37,1
DA:38,1
DA:39,1
DA:40,1
DA:44,1
DA:46,0
DA:48,0
DA:52,1
DA:53,1
DA:54,1
LF:14
LH:12
BRDA:38,0,0,1
BRDA:38,0,1,0
BRF:2
BRH:1
end_of_record
TN:
SF:storyteller/storyteller_controller.js
FN:3,(anonymous_0)
FN:14,(anonymous_1)
FN:24,(anonymous_2)
FN:34,(anonymous_3)
FN:44,(anonymous_4)
FN:54,(anonymous_5)
FNF:6
FNH:6
FNDA:1,(anonymous_0)
FNDA:2,(anonymous_1)
FNDA:2,(anonymous_2)
FNDA:2,(anonymous_3)
FNDA:2,(anonymous_4)
FNDA:3,(anonymous_5)
DA:3,1
DA:4,1
DA:5,1
DA:6,1
DA:7,1
DA:9,0
DA:10,0
DA:14,1
DA:15,2
DA:16,2
DA:17,2
DA:19,0
DA:20,0
DA:24,1
DA:25,2
DA:26,2
DA:27,2
DA:29,0
DA:30,0
DA:34,1
DA:35,2
DA:36,2
DA:37,2
DA:39,0
DA:40,0
DA:44,1
DA:45,2
DA:46,2
DA:47,2
DA:49,0
DA:50,0
DA:54,1
DA:55,3
DA:56,3
DA:61,3
DA:63,0
DA:64,0
LF:37
LH:25
BRF:0
BRH:0
end_of_record
